[0m12:21:42.270631 [debug] [MainThread]: Sending event: {'category': 'dbt', 'action': 'invocation', 'label': 'start', 'context': [<snowplow_tracker.self_describing_json.SelfDescribingJson object at 0x7aa47798dfd0>, <snowplow_tracker.self_describing_json.SelfDescribingJson object at 0x7aa47934c190>, <snowplow_tracker.self_describing_json.SelfDescribingJson object at 0x7aa4768efc50>]}


============================== 12:21:42.341740 | c386f84f-79f0-43aa-9a05-39f1f934d094 ==============================
[0m12:21:42.341740 [info ] [MainThread]: Running with dbt=1.11.3
[0m12:21:42.343207 [debug] [MainThread]: running dbt with arguments {'indirect_selection': 'eager', 'quiet': 'False', 'no_print': 'None', 'fail_fast': 'False', 'target_path': 'None', 'use_colors': 'True', 'use_experimental_parser': 'False', 'invocation_command': 'dbt init analytics', 'warn_error': 'None', 'send_anonymous_usage_stats': 'True', 'profiles_dir': '/home/bihitche/.dbt', 'introspect': 'True', 'log_path': 'logs', 'log_format': 'default', 'write_json': 'True', 'partial_parse': 'True', 'debug': 'False', 'printer_width': '80', 'static_parser': 'True', 'empty': 'None', 'cache_selected_only': 'False', 'version_check': 'True', 'log_cache_events': 'False', 'warn_error_options': 'WarnErrorOptionsV2(error=[], warn=[], silence=[])'}
[0m12:21:42.442565 [info ] [MainThread]: A project called analytics already exists here.
[0m12:21:42.443604 [debug] [MainThread]: Resource report: {"command_name": "init", "command_success": true, "command_wall_clock_time": 0.26271558, "process_in_blocks": "51864", "process_kernel_time": 0.468191, "process_mem_max_rss": "130452", "process_out_blocks": "43760", "process_user_time": 5.043288}
[0m12:21:42.444243 [debug] [MainThread]: Command `dbt init` succeeded at 12:21:42.444122 after 0.26 seconds
[0m12:21:42.444728 [debug] [MainThread]: Sending event: {'category': 'dbt', 'action': 'invocation', 'label': 'end', 'context': [<snowplow_tracker.self_describing_json.SelfDescribingJson object at 0x7aa4767b4050>, <snowplow_tracker.self_describing_json.SelfDescribingJson object at 0x7aa476859c70>, <snowplow_tracker.self_describing_json.SelfDescribingJson object at 0x7aa4769df680>]}
[0m12:21:42.445236 [debug] [MainThread]: Flushing usage events
[0m12:21:43.244868 [debug] [MainThread]: An error was encountered while trying to flush usage events
[0m13:09:48.201184 [debug] [MainThread]: Sending event: {'category': 'dbt', 'action': 'invocation', 'label': 'start', 'context': [<snowplow_tracker.self_describing_json.SelfDescribingJson object at 0x7c4ad26bacf0>, <snowplow_tracker.self_describing_json.SelfDescribingJson object at 0x7c4ad3fc0cd0>, <snowplow_tracker.self_describing_json.SelfDescribingJson object at 0x7c4ad16f7c50>]}


============================== 13:09:48.206724 | d6e79f06-5aae-4b4a-b36b-a9c19510404f ==============================
[0m13:09:48.206724 [info ] [MainThread]: Running with dbt=1.11.3
[0m13:09:48.207832 [debug] [MainThread]: running dbt with arguments {'target_path': 'None', 'introspect': 'True', 'printer_width': '80', 'debug': 'False', 'warn_error': 'None', 'quiet': 'False', 'profiles_dir': '/home/bihitche/.dbt', 'indirect_selection': 'eager', 'partial_parse': 'True', 'use_colors': 'True', 'empty': 'None', 'use_experimental_parser': 'False', 'write_json': 'True', 'invocation_command': 'dbt debug', 'log_cache_events': 'False', 'fail_fast': 'False', 'log_path': 'logs', 'warn_error_options': 'WarnErrorOptionsV2(error=[], warn=[], silence=[])', 'static_parser': 'True', 'log_format': 'default', 'cache_selected_only': 'False', 'send_anonymous_usage_stats': 'True', 'version_check': 'True', 'no_print': 'None'}
[0m13:09:48.229324 [info ] [MainThread]: dbt version: 1.11.3
[0m13:09:48.230075 [info ] [MainThread]: python version: 3.13.12
[0m13:09:48.233747 [info ] [MainThread]: python path: /home/bihitche/Desktop/crypto_pipeline_sprint/.venv/bin/python
[0m13:09:48.234499 [info ] [MainThread]: os info: Linux-6.14.0-37-generic-x86_64-with-glibc2.39
[0m13:09:48.463955 [info ] [MainThread]: Using profiles dir at /home/bihitche/.dbt
[0m13:09:48.464563 [info ] [MainThread]: Using profiles.yml file at /home/bihitche/.dbt/profiles.yml
[0m13:09:48.465172 [info ] [MainThread]: Using dbt_project.yml file at /home/bihitche/Desktop/crypto_pipeline_sprint/dbt_project.yml
[0m13:09:48.469550 [info ] [MainThread]: adapter type: duckdb
[0m13:09:48.470305 [info ] [MainThread]: adapter version: 1.10.0
[0m13:09:48.471252 [info ] [MainThread]: Configuration:
[0m13:09:48.472073 [info ] [MainThread]:   profiles.yml file [[32mOK found and valid[0m]
[0m13:09:48.472818 [info ] [MainThread]:   dbt_project.yml file [[31mERROR not found[0m]
[0m13:09:48.473582 [info ] [MainThread]: Required dependencies:
[0m13:09:48.474389 [debug] [MainThread]: Executing "git --help"
[0m13:09:48.479046 [debug] [MainThread]: STDOUT: "b"usage: git [-v | --version] [-h | --help] [-C <path>] [-c <name>=<value>]\n           [--exec-path[=<path>]] [--html-path] [--man-path] [--info-path]\n           [-p | --paginate | -P | --no-pager] [--no-replace-objects] [--bare]\n           [--git-dir=<path>] [--work-tree=<path>] [--namespace=<name>]\n           [--config-env=<name>=<envvar>] <command> [<args>]\n\nThese are common Git commands used in various situations:\n\nstart a working area (see also: git help tutorial)\n   clone     Clone a repository into a new directory\n   init      Create an empty Git repository or reinitialize an existing one\n\nwork on the current change (see also: git help everyday)\n   add       Add file contents to the index\n   mv        Move or rename a file, a directory, or a symlink\n   restore   Restore working tree files\n   rm        Remove files from the working tree and from the index\n\nexamine the history and state (see also: git help revisions)\n   bisect    Use binary search to find the commit that introduced a bug\n   diff      Show changes between commits, commit and working tree, etc\n   grep      Print lines matching a pattern\n   log       Show commit logs\n   show      Show various types of objects\n   status    Show the working tree status\n\ngrow, mark and tweak your common history\n   branch    List, create, or delete branches\n   commit    Record changes to the repository\n   merge     Join two or more development histories together\n   rebase    Reapply commits on top of another base tip\n   reset     Reset current HEAD to the specified state\n   switch    Switch branches\n   tag       Create, list, delete or verify a tag object signed with GPG\n\ncollaborate (see also: git help workflows)\n   fetch     Download objects and refs from another repository\n   pull      Fetch from and integrate with another repository or a local branch\n   push      Update remote refs along with associated objects\n\n'git help -a' and 'git help -g' list available subcommands and some\nconcept guides. See 'git help <command>' or 'git help <concept>'\nto read about a specific subcommand or concept.\nSee 'git help git' for an overview of the system.\n""
[0m13:09:48.479930 [debug] [MainThread]: STDERR: "b''"
[0m13:09:48.480573 [info ] [MainThread]:  - git [[32mOK found[0m]

[0m13:09:48.481317 [info ] [MainThread]: Connection:
[0m13:09:48.482053 [info ] [MainThread]:   database: crypto_db
[0m13:09:48.482782 [info ] [MainThread]:   schema: main
[0m13:09:48.483441 [info ] [MainThread]:   path: md:crypto_db
[0m13:09:48.484176 [info ] [MainThread]:   config_options: None
[0m13:09:48.484892 [info ] [MainThread]:   extensions: None
[0m13:09:48.485653 [info ] [MainThread]:   settings: {}
[0m13:09:48.486368 [info ] [MainThread]:   external_root: .
[0m13:09:48.487211 [info ] [MainThread]:   use_credential_provider: None
[0m13:09:48.487982 [info ] [MainThread]:   attach: None
[0m13:09:48.488653 [info ] [MainThread]:   filesystems: None
[0m13:09:48.489316 [info ] [MainThread]:   remote: None
[0m13:09:48.489978 [info ] [MainThread]:   plugins: [{'module': 'motherduck', 'alias': None, 'config': None}]
[0m13:09:48.490636 [info ] [MainThread]:   disable_transactions: False
[0m13:09:48.491566 [info ] [MainThread]: Registered adapter: duckdb=1.10.0
[0m13:09:48.663221 [debug] [MainThread]: Acquiring new duckdb connection 'debug'
[0m13:09:48.722828 [debug] [MainThread]: Using duckdb connection "debug"
[0m13:09:48.723407 [debug] [MainThread]: On debug: select 1 as id
[0m13:09:48.723941 [debug] [MainThread]: Opening a new connection, currently in state init
[0m13:10:07.621354 [debug] [MainThread]: SQL status: OK in 18.897 seconds
[0m13:10:07.632833 [debug] [MainThread]: On debug: Close
[0m13:10:07.640666 [info ] [MainThread]:   Connection test: [[32mOK connection ok[0m]

[0m13:10:07.645579 [info ] [MainThread]: [31m1 check failed:[0m
[0m13:10:07.656940 [info ] [MainThread]: Project loading failed for the following reason:
 project path </home/bihitche/Desktop/crypto_pipeline_sprint/dbt_project.yml> not found

[0m13:10:07.668601 [debug] [MainThread]: Resource report: {"command_name": "debug", "command_success": false, "command_wall_clock_time": 19.555655, "process_in_blocks": "3992", "process_kernel_time": 0.381194, "process_mem_max_rss": "177272", "process_out_blocks": "696", "process_user_time": 3.376153}
[0m13:10:07.674359 [debug] [MainThread]: Command `dbt debug` failed at 13:10:07.673383 after 19.56 seconds
[0m13:10:07.679889 [debug] [MainThread]: Connection 'debug' was properly closed.
[0m13:10:07.684997 [debug] [MainThread]: Sending event: {'category': 'dbt', 'action': 'invocation', 'label': 'end', 'context': [<snowplow_tracker.self_describing_json.SelfDescribingJson object at 0x7c4acb7e0b00>, <snowplow_tracker.self_describing_json.SelfDescribingJson object at 0x7c4acb6805f0>, <snowplow_tracker.self_describing_json.SelfDescribingJson object at 0x7c4ad1345260>]}
[0m13:10:07.691510 [debug] [MainThread]: Flushing usage events
[0m13:10:08.447308 [debug] [MainThread]: An error was encountered while trying to flush usage events
